[18:57:59] [Render thread/INFO] [JMLogger] JourneyMap log initialized.
[18:57:59] [Render thread/INFO] [JourneymapClient] initialize ENTER
[18:57:59] [Render thread/INFO] [ClientAPI] [ClientAPI] built with JourneyMap API 1.9-SNAPSHOT
[18:57:59] [Render thread/INFO] [PluginHelper] Initializing plugins with Client API: journeymap.client.api.impl.ClientAPI
[18:57:59] [Render thread/INFO] [PluginHelper] Initialized IClientPlugin: net.blay09.mods.waystones.compat.JourneyMapAddon
[18:57:59] [Render thread/INFO] [PluginHelper] Initialized IClientPlugin: frankv.jmi.JMIJourneyMapPlugin
[18:57:59] [Render thread/DEBUG] [JourneymapClient] Loading and Generating Journeymap configs
[18:57:59] [Render thread/WARN] [PropertiesBase] core (Initialized) Bad configField entry during updateFrom(): optionsManagerViewed=null
[18:57:59] [Render thread/INFO] [?] Version: JourneyMap 1.18.2-5.9.8, built with forge 1.18.2-40.1.86
forge: 40.3.3
Environment: os.name, os.arch, java.version, user.country, user.language=null, game language=en_us, locale=en_us
Features: 
	RadarPlayers : singleplayer = true , multiplayer = true
	RadarAnimals : singleplayer = true , multiplayer = true
	RadarMobs : singleplayer = true , multiplayer = true
	RadarVillagers : singleplayer = true , multiplayer = true
	MapTopo : singleplayer = true , multiplayer = true
	MapSurface : singleplayer = true , multiplayer = true
	MapCaves : singleplayer = true , multiplayer = true
	MapBiome : singleplayer = true , multiplayer = true
MiniMapProperties{state=Valid, file=journeymap.minimap.config, configVersion=5.9.8, zoomLevel=0, compassFontScale=1.0, terrainAlpha=100, showEntityNames=true, positionX=0.9, positionY=0.25, effectVertical=false, showPlayerHeading=true, sizePercent=30, playerDisplayScale=1.0, showDayNight=true, showPets=true, preferredMapType=night, showCompass=true, mobDisplay=Dots, systemTimeRealFormat=HH:mm:ss, shape=Circle, showSelf=true, selfDisplayScale=1.0, showGrid=true, reticleOrientation=Compass, gameTimeRealFormat=HH:mm:ss, effectTranslateX=-80, showWaypoints=true, minimapKeyMovementSpeed=0.001, showAnimals=true, infoSlotAlpha=0.7, effectTranslateY=0, showWaypointLabels=true, moveEffectIcons=true, position=Top Right, fontScale=1.0, showPlayers=true, waypointIconScale=1.0, frameAlpha=100, effectReversed=false, backgroundAlpha=0.8, enabled=true, showVillagers=true, info2Label=jm.theme.labelsource.gametime, info3Label=jm.theme.labelsource.location, showMobs=true, waypointLabelScale=1.0, showReticle=true, orientation=North, info4Label=jm.theme.labelsource.biome, locationFormat=xzyv, playerDisplay=Dots, mobDisplayScale=1.0, showCaves=true, showMobHeading=true, locationFormatVerbose=true, info1Label=jm.theme.labelsource.blank}
MiniMapProperties{state=Valid, file=journeymap.minimap2.config, configVersion=5.9.8, zoomLevel=0, compassFontScale=1.0, terrainAlpha=100, showEntityNames=true, positionX=0.9, positionY=0.25, effectVertical=false, showPlayerHeading=true, sizePercent=30, playerDisplayScale=1.0, showDayNight=true, showPets=true, preferredMapType=day, showCompass=true, mobDisplay=Dots, systemTimeRealFormat=HH:mm:ss, shape=Rectangle, showSelf=true, selfDisplayScale=1.0, showGrid=true, reticleOrientation=Compass, gameTimeRealFormat=HH:mm:ss, effectTranslateX=-259, showWaypoints=true, minimapKeyMovementSpeed=0.001, showAnimals=true, infoSlotAlpha=0.7, effectTranslateY=0, showWaypointLabels=true, moveEffectIcons=true, position=Top Right, fontScale=1.0, showPlayers=true, waypointIconScale=1.0, frameAlpha=100, effectReversed=false, backgroundAlpha=0.8, enabled=true, showVillagers=true, info2Label=jm.theme.labelsource.gametime, info3Label=jm.theme.labelsource.location, showMobs=true, waypointLabelScale=1.0, showReticle=true, orientation=North, info4Label=jm.theme.labelsource.biome, locationFormat=xzyv, playerDisplay=Dots, mobDisplayScale=1.0, showCaves=true, showMobHeading=true, locationFormatVerbose=true, info1Label=jm.theme.labelsource.blank}
FullMapProperties{state=Valid, file=journeymap.fullmap.config, configVersion=5.9.8, zoomLevel=2, showPlayers=true, waypointIconScale=1.0, showEntityNames=true, showPlayerHeading=true, showVillagers=true, showPlayerLoc=true, showKeys=true, playerDisplayScale=1.0, showMobs=true, showPets=true, waypointLabelScale=1.0, preferredMapType=day, mobDisplay=Dots, showSelf=true, locationFormat=xzyv, playerDisplay=Dots, mobDisplayScale=1.0, selfDisplayScale=1.0, showGrid=true, showMouseLoc=true, showWaypoints=true, showCaves=true, showAnimals=true, dragScale=1, showMobHeading=true, showWaypointLabels=true, locationFormatVerbose=true, fontScale=1.0}
WaypointProperties{state=Valid, file=journeymap.waypoint.config, configVersion=5.9.8, autoRemoveDeathpointDistance=2, dateFormat=MM-dd-yyyy, autoRemoveDeathpoints=false, fullscreenDoubleClickToCreate=true, managerDimensionFocus=false, minDistance=4, boldLabel=false, textureSmall=true, showDeathpointlabel=true, beaconEnabled=true, createDeathpoints=true, showName=true, disableStrikeThrough=false, maxDistance=0, autoHideLabel=true, autoRemoveTempWaypoints=2, teleportCommand=/tp {name} {x} {y} {z}, showStaticBeam=true, shaderBeacon=false, timeFormat=HH:mm:ss, showDeviationLabel=false, showDistance=true, showRotatingBeam=true, fontScale=2.0, showTexture=true, managerEnabled=true}
WebMapProperties{state=Valid, file=journeymap.webmap.config, configVersion=5.9.8, port=8080, enabled=false}
CoreProperties{state=Valid, file=journeymap.core.config, configVersion=5.9.8, verboseColorPalette=false, maxPlayersData=32, mapSurfaceAboveCaves=true, dataCachingEnabled=true, optionsManagerViewed=null, announceMod=true, colorPassive=#bbbbbb, mapBlendWater=false, renderDistanceSurfaceMax=0, seedId=false, radarVerticalDistance=16, mapBlendGrass=true, recordCacheStats=false, hideSneakingEntities=true, revealShape=Circle, mapBiome=true, alwaysMapSurface=false, colorVillager=#88e188, mapPlants=false, colorPet=#0077ff, radarLateralDistance=64, mapBathymetry=false, mapCrops=true, maxMobsData=32, mapPlantShadows=false, alwaysMapCaves=false, checkUpdates=true, mapBlendFoliage=true, hideSpectators=false, mappingEnabled=true, colorPlayer=#ffffff, tileHighDisplayQuality=true, cacheVillagersData=2200, logLevel=INFO, maxVillagersData=32, mapWaterBiomeColors=false, maxAnimalsData=32, mapTransparency=true, caveBlackAsClear=false, tileRenderType=1, caveIgnoreGlass=true, mapTopography=true, renderDistanceCaveMax=0, mapAntialiasing=true, colorSelf=#0000ff, cachePlayersData=2000, cacheMobsData=3000, cachePlayerData=1000, splashViewed=5.9.8, colorHostile=#ff0000, cacheAnimalsData=3100, themeName=OceanMonument, mapCaveLighting=true, renderDelay=2, glErrorChecking=false, autoMapPoll=2000}
[18:57:59] [Render thread/DEBUG] [ForgeEventHandlerManager] Handler registered: journeymap.client.event.forge.ForgeKeyEvents
[18:57:59] [Render thread/DEBUG] [ForgeEventHandlerManager] Handler registered: journeymap.client.event.forge.ForgeChatEvents
[18:57:59] [Render thread/DEBUG] [ForgeEventHandlerManager] Handler registered: journeymap.client.event.forge.ForgeHudOverlayEvents
[18:57:59] [Render thread/DEBUG] [ForgeEventHandlerManager] Handler registered: journeymap.client.event.forge.ForgeWorldEvent
[18:57:59] [Render thread/DEBUG] [ForgeEventHandlerManager] Handler registered: journeymap.client.event.forge.ForgeChunkEvents
[18:57:59] [Render thread/DEBUG] [ForgeEventHandlerManager] Handler registered: journeymap.client.event.forge.ForgeClientTickEvent
[18:57:59] [Render thread/DEBUG] [ForgeEventHandlerManager] Handler registered: journeymap.client.event.forge.ForgeRenderLevelLastEvent
[18:57:59] [Render thread/DEBUG] [ForgeEventHandlerManager] Handler registered: journeymap.client.event.forge.ForgeLoggedInEvent
[18:57:59] [Render thread/DEBUG] [ForgeEventHandlerManager] Handler registered: journeymap.client.event.forge.ForgeTextureStitchedEvent
[18:57:59] [Render thread/DEBUG] [ForgeEventHandlerManager] Handler registered: journeymap.client.event.forge.ForgePopupCustomEvents
[18:57:59] [Render thread/INFO] [JourneymapClient] initialize EXIT, elapsed count 1 avg 196.77ms
[18:58:04] [Render thread/INFO] [JourneymapClient] Journeymap PostInit
[18:58:04] [Render thread/DEBUG] [JourneymapClient] postInitialize ENTER
[18:58:04] [Render thread/TRACE] [ThemeLoader] Initializing themes ...
[18:58:04] [Render thread/ERROR] [FileHandler] Couldn't locate icons for flat: D:\MinecraftCurseforge\Instances\Survie%20de%20fou%20malade\mods\journeymap-1.18.2-5.9.8-forge.jar\assets\journeymap\theme\flat
[18:58:04] [Render thread/INFO] [ThemeLoader] Preloaded theme textures: 0
[18:58:04] [Render thread/INFO] [JourneymapClient] postInitialize EXIT, elapsed count 1 avg 18ms
[18:59:17] [Server thread/INFO] [ForgeConfig] Loading JourneyMap Forge Configs
[18:59:41] [Render thread/INFO] [ChatLog] 
[18:59:41] [Render thread/WARN] [PropertiesBase] core (Initialized) Bad configField entry during updateFrom(): optionsManagerViewed=null
[18:59:41] [Render thread/INFO] [WaypointStore] Loaded 0 waypoints from D:\MinecraftCurseforge\Instances\Survie de fou malade\journeymap\data\sp\Surviee\waypoints
[18:59:41] [Render thread/INFO] [JourneymapClient] Mapping started in D:\MinecraftCurseforge\Instances\Survie de fou malade\journeymap\data\sp\Surviee\overworld. Memory: 5920MB total, 1520MB free 
[18:59:42] [JM-task-4/INFO] [ModBlockDelegate] Custom modded block handling enabled for create
[18:59:44] [Render thread/WARN] [JMLogger] Can't get entityTexture for guardvillagers:textures/entity_icon/guard/guard_0.png
[18:59:44] [Render thread/WARN] [JMLogger] Can't get entityTexture for ars_nouveau:textures/entity_icon/carbuncle_wild_orange.png
[18:59:44] [Render thread/WARN] [JMLogger] Can't get entityTexture for alexsmobs:textures/entity_icon/fly.png
[18:59:44] [Render thread/WARN] [JMLogger] born_in_chaos_v1:textures/entities/thornshell.png doesn't have /entity/ in path, so can't look for /entity_icon/
[18:59:44] [Render thread/WARN] [JMLogger] Can't get entityTexture for betteranimalsplus:textures/entity_icon/crab_pink.png
[18:59:44] [Render thread/WARN] [JMLogger] born_in_chaos_v1:textures/entities/corpsefish.png doesn't have /entity/ in path, so can't look for /entity_icon/
[18:59:44] [Render thread/WARN] [JMLogger] Can't get entityTexture for betteranimalsplus:textures/entity_icon/jellyfish_barrel.png
[18:59:44] [Render thread/WARN] [JMLogger] Can't get entityTexture for betteranimalsplus:textures/entity_icon/jellyfish_crown.png
[18:59:44] [Render thread/WARN] [JMLogger] Can't get entityTexture for alexsmobs:textures/entity_icon/crow.png
[18:59:44] [Render thread/WARN] [JMLogger] Can't get entityTexture for alexsmobs:textures/entity_icon/flying_fish_1.png
[18:59:44] [Render thread/WARN] [JMLogger] Can't get entityTexture for betteranimalsplus:textures/entity_icon/jellyfish_japanese_sea_nettle.png
[18:59:44] [Render thread/WARN] [JMLogger] Can't get entityTexture for ars_nouveau:textures/entity_icon/packhunter.png
[18:59:44] [Render thread/WARN] [JMLogger] Can't get entityTexture for ars_nouveau:textures/entity_icon/stalker_angry.png
[18:59:44] [Render thread/WARN] [JMLogger] born_in_chaos_v1:textures/entities/bloodygadfly.png doesn't have /entity/ in path, so can't look for /entity_icon/
[18:59:44] [Render thread/WARN] [JMLogger] born_in_chaos_v1:textures/entities/zombieclown.png doesn't have /entity/ in path, so can't look for /entity_icon/
[18:59:44] [Render thread/WARN] [JMLogger] born_in_chaos_v1:textures/entities/zombiesinabarrel.png doesn't have /entity/ in path, so can't look for /entity_icon/
[18:59:44] [Render thread/WARN] [JMLogger] born_in_chaos_v1:textures/entities/babyskeleton.png doesn't have /entity/ in path, so can't look for /entity_icon/
[18:59:50] [Render thread/WARN] [JMLogger] Can't get entityTexture for alexsmobs:textures/entity_icon/flying_fish_0.png
[18:59:56] [Render thread/WARN] [JMLogger] Can't get entityTexture for betteranimalsplus:textures/entity_icon/eel_saltwater_snowflake.png
[18:59:56] [Render thread/WARN] [JMLogger] Can't get entityTexture for betteranimalsplus:textures/entity_icon/jellyfish_purple_striped.png
[19:00:02] [Render thread/WARN] [JMLogger] Can't get entityTexture for betteranimalsplus:textures/entity_icon/eel_saltwater_dragon.png
[19:00:08] [Render thread/WARN] [JMLogger] Can't get entityTexture for alexsmobs:textures/entity_icon/lobster_red.png
[19:00:08] [Render thread/WARN] [JMLogger] Can't get entityTexture for alexsmobs:textures/entity_icon/flying_fish_2.png
[19:00:12] [Render thread/WARN] [JMLogger] Can't get entityTexture for betteranimalsplus:textures/entity_icon/shark_bull.png
[19:00:12] [Render thread/WARN] [JMLogger] Can't get entityTexture for alexsmobs:textures/entity_icon/lobster_blue.png
[19:00:12] [Render thread/WARN] [JMLogger] born_in_chaos_v1:textures/entities/corpsefly.png doesn't have /entity/ in path, so can't look for /entity_icon/
[19:00:18] [Render thread/WARN] [JMLogger] Can't get entityTexture for betteranimalsplus:textures/entity_icon/butterfly_red_admiral.png
[19:00:18] [Render thread/WARN] [JMLogger] born_in_chaos_v1:textures/entities/decrepitskeleton.png doesn't have /entity/ in path, so can't look for /entity_icon/
[19:00:21] [Render thread/WARN] [JMLogger] born_in_chaos_v1:textures/entities/zombiefisherman.png doesn't have /entity/ in path, so can't look for /entity_icon/
[19:00:24] [Render thread/WARN] [JMLogger] Can't get entityTexture for betteranimalsplus:textures/entity_icon/songbird_small_5.png
[19:00:24] [Render thread/WARN] [JMLogger] born_in_chaos_v1:textures/entities/maggot.png doesn't have /entity/ in path, so can't look for /entity_icon/
[19:00:30] [Render thread/WARN] [JMLogger] born_in_chaos_v1:textures/entities/darkvortex.png doesn't have /entity/ in path, so can't look for /entity_icon/
[19:03:15] [Render thread/WARN] [JMLogger] Can't get entityTexture for alexsmobs:textures/entity_icon/cockroach.png
[19:03:35] [Render thread/WARN] [JMLogger] Can't get entityTexture for betteranimalsplus:textures/entity_icon/squirrel_albino.png
[19:03:35] [Render thread/WARN] [JMLogger] Can't get entityTexture for betteranimalsplus:textures/entity_icon/butterfly_morpho.png
[19:03:35] [Render thread/WARN] [JMLogger] Can't get entityTexture for betteranimalsplus:textures/entity_icon/butterfly_swallowtail.png
[19:03:39] [Render thread/WARN] [JMLogger] born_in_chaos_v1:textures/entities/swarmer.png doesn't have /entity/ in path, so can't look for /entity_icon/
[19:03:42] [Render thread/WARN] [JMLogger] Can't get entityTexture for betteranimalsplus:textures/entity_icon/feralwolf_red.png
[19:03:42] [Render thread/WARN] [JMLogger] Can't get entityTexture for betteranimalsplus:textures/entity_icon/pheasant_2.png
[19:04:01] [Render thread/WARN] [JMLogger] Can't get entityTexture for betteranimalsplus:textures/entity_icon/badger_european.png
[19:04:01] [Render thread/WARN] [JMLogger] Can't get entityTexture for alexsmobs:textures/entity_icon/seagull.png
[19:04:07] [Render thread/WARN] [JMLogger] born_in_chaos_v1:textures/entities/rottenzombie.png doesn't have /entity/ in path, so can't look for /entity_icon/
[19:04:10] [Render thread/WARN] [JMLogger] Can't get entityTexture for alexsmobs:textures/entity_icon/catfish_small.png
[19:04:10] [Render thread/WARN] [JMLogger] Can't get entityTexture for alexsmobs:textures/entity_icon/catfish_medium.png
[19:04:10] [Render thread/WARN] [JMLogger] born_in_chaos_v1:textures/entities/restlessspirit.png doesn't have /entity/ in path, so can't look for /entity_icon/
[19:04:16] [Render thread/WARN] [JMLogger] Can't get entityTexture for betteranimalsplus:textures/entity_icon/eel_freshwater_silver.png
[19:04:16] [Render thread/WARN] [JMLogger] Can't get entityTexture for betteranimalsplus:textures/entity_icon/eel_freshwater_longfin.png
[19:04:23] [Render thread/WARN] [JMLogger] born_in_chaos_v1:textures/entities/restlessspirit.png doesn't have /entity/ in path, so can't look for /entity_icon/
[19:04:23] [Render thread/WARN] [JMLogger] born_in_chaos_v1:textures/entities/corpsefly.png doesn't have /entity/ in path, so can't look for /entity_icon/
[19:04:23] [Render thread/WARN] [JMLogger] born_in_chaos_v1:textures/entities/darkvortex.png doesn't have /entity/ in path, so can't look for /entity_icon/
[19:04:23] [Render thread/WARN] [JMLogger] born_in_chaos_v1:textures/entities/decrepitskeleton.png doesn't have /entity/ in path, so can't look for /entity_icon/
[19:04:23] [Render thread/WARN] [JMLogger] born_in_chaos_v1:textures/entities/rottenzombie.png doesn't have /entity/ in path, so can't look for /entity_icon/
[19:04:23] [Render thread/WARN] [JMLogger] born_in_chaos_v1:textures/entities/maggot.png doesn't have /entity/ in path, so can't look for /entity_icon/
[19:04:26] [Render thread/WARN] [JMLogger] Can't get entityTexture for betteranimalsplus:textures/entity_icon/squirrel_albino.png
[19:04:26] [Render thread/WARN] [JMLogger] Can't get entityTexture for betteranimalsplus:textures/entity_icon/feralwolf_red.png
[19:04:26] [Render thread/WARN] [JMLogger] Can't get entityTexture for betteranimalsplus:textures/entity_icon/pheasant_2.png
[19:04:26] [Render thread/WARN] [JMLogger] Can't get entityTexture for betteranimalsplus:textures/entity_icon/butterfly_morpho.png
[19:04:26] [Render thread/WARN] [JMLogger] Can't get entityTexture for betteranimalsplus:textures/entity_icon/butterfly_red_admiral.png
[19:04:26] [Render thread/WARN] [JMLogger] Can't get entityTexture for betteranimalsplus:textures/entity_icon/badger_european.png
[19:04:26] [Render thread/WARN] [JMLogger] Can't get entityTexture for alexsmobs:textures/entity_icon/cockroach.png
[19:04:26] [Render thread/WARN] [JMLogger] Can't get entityTexture for alexsmobs:textures/entity_icon/seagull.png
[19:04:26] [Render thread/WARN] [JMLogger] Can't get entityTexture for alexsmobs:textures/entity_icon/catfish_small.png
[19:04:26] [Render thread/WARN] [JMLogger] Can't get entityTexture for alexsmobs:textures/entity_icon/catfish_medium.png
[19:04:26] [Render thread/WARN] [JMLogger] Can't get entityTexture for betteranimalsplus:textures/entity_icon/eel_freshwater_silver.png
[19:04:26] [Render thread/WARN] [JMLogger] Can't get entityTexture for betteranimalsplus:textures/entity_icon/eel_freshwater_longfin.png
[19:04:26] [Render thread/WARN] [JMLogger] Can't get entityTexture for alexsmobs:textures/entity_icon/terrapin/overlay/terrapin_with_overlays.png
[19:04:38] [Render thread/WARN] [JMLogger] Can't get entityTexture for alexsmobs:textures/entity_icon/lobster_red.png
[19:04:41] [Render thread/WARN] [JMLogger] Can't get entityTexture for alexsmobs:textures/entity_icon/lobster_blue.png
[19:04:57] [Render thread/WARN] [JMLogger] Can't get entityTexture for alexsmobs:textures/entity_icon/catfish_medium_spit.png
[19:04:57] [Render thread/WARN] [JMLogger] Can't get entityTexture for betteranimalsplus:textures/entity_icon/butterfly_swallowtail.png
[19:04:57] [Render thread/WARN] [JMLogger] Can't get entityTexture for betteranimalsplus:textures/entity_icon/lamprey_brown.png
[19:05:04] [Render thread/WARN] [JMLogger] Can't get entityTexture for betteranimalsplus:textures/entity_icon/lamprey_yellow.png
[19:05:26] [Render thread/WARN] [JMLogger] Can't get entityTexture for betteranimalsplus:textures/entity_icon/butterfly_monarch.png
[19:05:32] [Render thread/WARN] [JMLogger] born_in_chaos_v1:textures/entities/shyspirit.png doesn't have /entity/ in path, so can't look for /entity_icon/
[19:05:41] [Render thread/WARN] [JMLogger] Can't get entityTexture for betteranimalsplus:textures/entity_icon/lamprey_spotted.png
[19:05:51] [Render thread/WARN] [JMLogger] Can't get entityTexture for alexsmobs:textures/entity_icon/catfish_small_spit.png
[19:06:24] [Render thread/INFO] [JourneymapClient] Mapping halted in D:\MinecraftCurseforge\Instances\Survie de fou malade\journeymap\data\mp\offline\minecraft:overworld
